mode: set
alta/be4/mvc/controllers/userController.go:13.47,16.16 2 1
alta/be4/mvc/controllers/userController.go:22.2,26.4 1 1
alta/be4/mvc/controllers/userController.go:16.16,21.3 1 1
alta/be4/mvc/controllers/userController.go:29.49,34.16 4 1
alta/be4/mvc/controllers/userController.go:40.2,44.4 1 1
alta/be4/mvc/controllers/userController.go:34.16,39.3 1 1
alta/be4/mvc/controllers/userController.go:47.49,49.14 2 0
alta/be4/mvc/controllers/userController.go:54.2,56.16 2 0
alta/be4/mvc/controllers/userController.go:59.2,59.22 1 0
alta/be4/mvc/controllers/userController.go:64.2,67.4 1 0
alta/be4/mvc/controllers/userController.go:49.14,53.3 1 0
alta/be4/mvc/controllers/userController.go:56.16,58.3 1 0
alta/be4/mvc/controllers/userController.go:59.22,63.3 1 0
alta/be4/mvc/controllers/userController.go:70.49,76.14 2 0
alta/be4/mvc/controllers/userController.go:82.2,85.16 4 0
alta/be4/mvc/controllers/userController.go:91.2,91.23 1 0
alta/be4/mvc/controllers/userController.go:97.2,100.4 1 0
alta/be4/mvc/controllers/userController.go:76.14,80.3 1 0
alta/be4/mvc/controllers/userController.go:85.16,89.3 1 0
alta/be4/mvc/controllers/userController.go:91.23,95.3 1 0
alta/be4/mvc/controllers/userController.go:104.49,106.14 2 0
alta/be4/mvc/controllers/userController.go:111.2,112.16 2 0
alta/be4/mvc/controllers/userController.go:115.2,115.22 1 0
alta/be4/mvc/controllers/userController.go:120.2,123.4 1 0
alta/be4/mvc/controllers/userController.go:106.14,110.3 1 0
alta/be4/mvc/controllers/userController.go:112.16,114.3 1 0
alta/be4/mvc/controllers/userController.go:115.22,119.3 1 0
alta/be4/mvc/controllers/userController.go:127.49,132.16 4 0
alta/be4/mvc/controllers/userController.go:138.2,142.4 1 0
alta/be4/mvc/controllers/userController.go:132.16,137.3 1 0
alta/be4/mvc/controllers/userController.go:145.52,150.26 3 0
alta/be4/mvc/controllers/userController.go:157.2,157.16 1 0
alta/be4/mvc/controllers/userController.go:164.2,165.16 2 0
alta/be4/mvc/controllers/userController.go:172.2,176.4 1 0
alta/be4/mvc/controllers/userController.go:150.26,155.3 1 0
alta/be4/mvc/controllers/userController.go:157.16,162.3 1 0
alta/be4/mvc/controllers/userController.go:165.16,170.3 1 0
