mode: set
alta/be4/mvc/controllers/userController.go:13.47,16.16 2 1
alta/be4/mvc/controllers/userController.go:22.2,26.4 1 1
alta/be4/mvc/controllers/userController.go:16.16,21.3 1 1
alta/be4/mvc/controllers/userController.go:29.49,34.16 4 1
alta/be4/mvc/controllers/userController.go:40.2,44.4 1 1
alta/be4/mvc/controllers/userController.go:34.16,39.3 1 1
alta/be4/mvc/controllers/userController.go:47.49,49.14 2 1
alta/be4/mvc/controllers/userController.go:55.2,57.16 2 1
alta/be4/mvc/controllers/userController.go:63.2,63.22 1 1
alta/be4/mvc/controllers/userController.go:69.2,73.4 1 1
alta/be4/mvc/controllers/userController.go:49.14,54.3 1 1
alta/be4/mvc/controllers/userController.go:57.16,62.3 1 0
alta/be4/mvc/controllers/userController.go:63.22,68.3 1 0
alta/be4/mvc/controllers/userController.go:76.49,82.14 2 0
alta/be4/mvc/controllers/userController.go:89.2,92.16 4 0
alta/be4/mvc/controllers/userController.go:99.2,99.23 1 0
alta/be4/mvc/controllers/userController.go:106.2,110.4 1 0
alta/be4/mvc/controllers/userController.go:82.14,87.3 1 0
alta/be4/mvc/controllers/userController.go:92.16,97.3 1 0
alta/be4/mvc/controllers/userController.go:99.23,104.3 1 0
alta/be4/mvc/controllers/userController.go:114.49,116.14 2 0
alta/be4/mvc/controllers/userController.go:122.2,123.16 2 0
alta/be4/mvc/controllers/userController.go:129.2,129.22 1 0
alta/be4/mvc/controllers/userController.go:135.2,139.4 1 0
alta/be4/mvc/controllers/userController.go:116.14,121.3 1 0
alta/be4/mvc/controllers/userController.go:123.16,128.3 1 0
alta/be4/mvc/controllers/userController.go:129.22,134.3 1 0
alta/be4/mvc/controllers/userController.go:143.49,148.16 4 0
alta/be4/mvc/controllers/userController.go:154.2,158.4 1 0
alta/be4/mvc/controllers/userController.go:148.16,153.3 1 0
alta/be4/mvc/controllers/userController.go:161.52,166.26 3 1
alta/be4/mvc/controllers/userController.go:173.2,173.16 1 1
alta/be4/mvc/controllers/userController.go:180.2,181.16 2 1
alta/be4/mvc/controllers/userController.go:188.2,192.4 1 1
alta/be4/mvc/controllers/userController.go:166.26,171.3 1 0
alta/be4/mvc/controllers/userController.go:173.16,178.3 1 0
alta/be4/mvc/controllers/userController.go:181.16,186.3 1 0
alta/be4/mvc/controllers/userController.go:195.56,197.2 1 1
